<?xml version="1.0" encoding="UTF-8"?>
<testsuite xmlns:xsi="http://www.w3.org/2001/XMLSchema-instance" xsi:noNamespaceSchemaLocation="https://maven.apache.org/surefire/maven-surefire-plugin/xsd/surefire-test-report-3.0.xsd" version="3.0" name="com.redhat.vehicles.movement.tracker.MovementTrackerTopologyTest" time="1.277" tests="3" errors="0" skipped="0" failures="0">
  <properties>
[...]
</properties>
  <testcase name="testVehicleMovementsCountEqualsEventsCount" classname="com.redhat.vehicles.movement.tracker.MovementTrackerTopologyTest" time="0.894"/>
  <testcase name="testVehicleMovementsStreamIsEnriched" classname="com.redhat.vehicles.movement.tracker.MovementTrackerTopologyTest" time="0.186"/>
  <testcase name="testTopologySendsVehiclesToStore" classname="com.redhat.vehicles.movement.tracker.MovementTrackerTopologyTest" time="0.194"/>
</testsuite>