<?xml version="1.0" encoding="UTF-8"?>
<testsuite xmlns:xsi="http://www.w3.org/2001/XMLSchema-instance" xsi:noNamespaceSchemaLocation="https://maven.apache.org/surefire/maven-surefire-plugin/xsd/surefire-test-report-3.0.xsd" version="3.0" name="com.redhat.training.bank.BankResourceTest" time="14.298" tests="1" errors="0" skipped="0" failures="0">
  <properties>
[...]
</properties>
  <testcase name="testHelloEndpoint" classname="com.redhat.training.bank.BankResourceTest" time="2.028">
    <system-out><![CDATA[2023-12-01 06:30:21,050 WARN  [io.qua.con.build] (main) Using @ConfigProperty for Quarkus configuration items is deprecated (use @ConfigItem instead) at io.quarkus.smallrye.reactivemessaging.kafka.ReactiveMessagingKafkaConfig#enableGracefulShutdownInDevAndTestMode
2023-12-01 06:30:25,713 INFO  [io.agr.pool] (main) Datasource '<default>': Initial size smaller than min. Connections will be created when necessary
2023-12-01 06:30:26,648 WARN  [io.sma.rea.mes.kafka] (main) SRMSG18216: No `group.id` set in the configuration, generate a random id: afe336c8-e3b1-4ff9-8484-baf6107e83c1
2023-12-01 06:30:26,651 INFO  [io.sma.rea.mes.kafka] (main) SRMSG18229: Configured topics for channel 'new-bank-account-in': [new-bank-account]
2023-12-01 06:30:26,665 INFO  [io.sma.rea.mes.kafka] (main) SRMSG18214: Key deserializer omitted, using String as default
2023-12-01 06:30:26,866 INFO  [org.apa.kaf.cli.con.ConsumerConfig] (main) ConsumerConfig values: 
	allow.auto.create.topics = true
	auto.commit.interval.ms = 5000
	auto.offset.reset = earliest
	bootstrap.servers = [my-cluster-kafka-bootstrap-xdaewq-kafka-cluster.apps.na46a.prod.ole.redhat.com:443]
	check.crcs = true
	client.dns.lookup = use_all_dns_ips
	client.id = kafka-consumer-new-bank-account-in
	client.rack = 
	connections.max.idle.ms = 540000
	default.api.timeout.ms = 60000
	enable.auto.commit = false
	exclude.internal.topics = true
	fetch.max.bytes = 52428800
	fetch.max.wait.ms = 500
	fetch.min.bytes = 1
	group.id = afe336c8-e3b1-4ff9-8484-baf6107e83c1
	group.instance.id = null
	heartbeat.interval.ms = 3000
	interceptor.classes = []
	internal.leave.group.on.close = true
	internal.throw.on.fetch.stable.offset.unsupported = false
	isolation.level = read_uncommitted
	key.deserializer = class io.smallrye.reactive.messaging.kafka.fault.DeserializerWrapper
	max.partition.fetch.bytes = 1048576
	max.poll.interval.ms = 300000
	max.poll.records = 500
	metadata.max.age.ms = 300000
	metric.reporters = []
	metrics.num.samples = 2
	metrics.recording.level = INFO
	metrics.sample.window.ms = 30000
	partition.assignment.strategy = [class org.apache.kafka.clients.consumer.RangeAssignor]
	receive.buffer.bytes = 65536
	reconnect.backoff.max.ms = 10000
	reconnect.backoff.ms = 50
	request.timeout.ms = 30000
	retry.backoff.ms = 100
	sasl.client.callback.handler.class = null
	sasl.jaas.config = null
	sasl.kerberos.kinit.cmd = /usr/bin/kinit
	sasl.kerberos.min.time.before.relogin = 60000
	sasl.kerberos.service.name = null
	sasl.kerberos.ticket.renew.jitter = 0.05
	sasl.kerberos.ticket.renew.window.factor = 0.8
	sasl.login.callback.handler.class = null
	sasl.login.class = null
	sasl.login.refresh.buffer.seconds = 300
	sasl.login.refresh.min.period.seconds = 60
	sasl.login.refresh.window.factor = 0.8
	sasl.login.refresh.window.jitter = 0.05
	sasl.mechanism = GSSAPI
	security.protocol = SSL
	security.providers = null
	send.buffer.bytes = 131072
	session.timeout.ms = 10000
	socket.connection.setup.timeout.max.ms = 30000
	socket.connection.setup.timeout.ms = 10000
	ssl.cipher.suites = null
	ssl.enabled.protocols = [TLSv1.2, TLSv1.3]
	ssl.endpoint.identification.algorithm = https
	ssl.engine.factory.class = null
	ssl.key.password = null
	ssl.keymanager.algorithm = SunX509
	ssl.keystore.certificate.chain = null
	ssl.keystore.key = null
	ssl.keystore.location = null
	ssl.keystore.password = null
	ssl.keystore.type = JKS
	ssl.protocol = TLSv1.3
	ssl.provider = null
	ssl.secure.random.implementation = null
	ssl.trustmanager.algorithm = PKIX
	ssl.truststore.certificates = null
	ssl.truststore.location = /home/student/AD482/truststore.jks
	ssl.truststore.password = [hidden]
	ssl.truststore.type = JKS
	value.deserializer = class io.smallrye.reactive.messaging.kafka.fault.DeserializerWrapper

2023-12-01 06:30:27,271 WARN  [org.apa.kaf.cli.con.ConsumerConfig] (main) The configuration 'graceful-shutdown' was supplied but isn't a known config.
2023-12-01 06:30:27,271 WARN  [org.apa.kaf.cli.con.ConsumerConfig] (main) The configuration 'apicurio.registry.use-specific-avro-reader' was supplied but isn't a known config.
2023-12-01 06:30:27,271 WARN  [org.apa.kaf.cli.con.ConsumerConfig] (main) The configuration 'apicurio.registry.url' was supplied but isn't a known config.
2023-12-01 06:30:27,273 INFO  [org.apa.kaf.com.uti.AppInfoParser] (main) Kafka version: 2.8.0
2023-12-01 06:30:27,273 INFO  [org.apa.kaf.com.uti.AppInfoParser] (main) Kafka commitId: ebb1d6e21cc92130
2023-12-01 06:30:27,273 INFO  [org.apa.kaf.com.uti.AppInfoParser] (main) Kafka startTimeMs: 1701430227271
2023-12-01 06:30:27,277 INFO  [io.sma.rea.mes.kafka] (main) SRMSG18240: 'throttled' commit strategy used for channel 'new-bank-account-in'
2023-12-01 06:30:27,279 INFO  [io.sma.rea.mes.kafka] (main) SRMSG18232: Will commit for group 'afe336c8-e3b1-4ff9-8484-baf6107e83c1' every 5000 milliseconds.
2023-12-01 06:30:27,279 INFO  [io.sma.rea.mes.kafka] (main) SRMSG18236: Will mark throttled commit strategy for group 'afe336c8-e3b1-4ff9-8484-baf6107e83c1' as unhealthy if records go more than 60000 milliseconds without being processed.
2023-12-01 06:30:27,307 INFO  [io.sma.rea.mes.kafka] (main) SRMSG18248: Key serializer omitted, using String as default
2023-12-01 06:30:27,307 INFO  [io.sma.rea.mes.kafka] (main) SRMSG18237: Setting client.id for Kafka producer to kafka-producer-new-bank-account-out
2023-12-01 06:30:27,319 INFO  [org.apa.kaf.cli.pro.ProducerConfig] (main) ProducerConfig values: 
	acks = 1
	batch.size = 16384
	bootstrap.servers = [my-cluster-kafka-bootstrap-xdaewq-kafka-cluster.apps.na46a.prod.ole.redhat.com:443]
	buffer.memory = 33554432
	client.dns.lookup = use_all_dns_ips
	client.id = kafka-producer-new-bank-account-out
	compression.type = none
	connections.max.idle.ms = 540000
	delivery.timeout.ms = 120000
	enable.idempotence = false
	interceptor.classes = []
	internal.auto.downgrade.txn.commit = false
	key.serializer = class org.apache.kafka.common.serialization.StringSerializer
	linger.ms = 0
	max.block.ms = 60000
	max.in.flight.requests.per.connection = 5
	max.request.size = 1048576
	metadata.max.age.ms = 300000
	metadata.max.idle.ms = 300000
	metric.reporters = []
	metrics.num.samples = 2
	metrics.recording.level = INFO
	metrics.sample.window.ms = 30000
	partitioner.class = class org.apache.kafka.clients.producer.internals.DefaultPartitioner
	receive.buffer.bytes = 32768
	reconnect.backoff.max.ms = 10000
	reconnect.backoff.ms = 50
	request.timeout.ms = 30000
	retries = 2147483647
	retry.backoff.ms = 100
	sasl.client.callback.handler.class = null
	sasl.jaas.config = null
	sasl.kerberos.kinit.cmd = /usr/bin/kinit
	sasl.kerberos.min.time.before.relogin = 60000
	sasl.kerberos.service.name = null
	sasl.kerberos.ticket.renew.jitter = 0.05
	sasl.kerberos.ticket.renew.window.factor = 0.8
	sasl.login.callback.handler.class = null
	sasl.login.class = null
	sasl.login.refresh.buffer.seconds = 300
	sasl.login.refresh.min.period.seconds = 60
	sasl.login.refresh.window.factor = 0.8
	sasl.login.refresh.window.jitter = 0.05
	sasl.mechanism = GSSAPI
	security.protocol = SSL
	security.providers = null
	send.buffer.bytes = 131072
	socket.connection.setup.timeout.max.ms = 30000
	socket.connection.setup.timeout.ms = 10000
	ssl.cipher.suites = null
	ssl.enabled.protocols = [TLSv1.2, TLSv1.3]
	ssl.endpoint.identification.algorithm = https
	ssl.engine.factory.class = null
	ssl.key.password = null
	ssl.keymanager.algorithm = SunX509
	ssl.keystore.certificate.chain = null
	ssl.keystore.key = null
	ssl.keystore.location = null
	ssl.keystore.password = null
	ssl.keystore.type = JKS
	ssl.protocol = TLSv1.3
	ssl.provider = null
	ssl.secure.random.implementation = null
	ssl.trustmanager.algorithm = PKIX
	ssl.truststore.certificates = null
	ssl.truststore.location = /home/student/AD482/truststore.jks
	ssl.truststore.password = [hidden]
	ssl.truststore.type = JKS
	transaction.timeout.ms = 60000
	transactional.id = null
	value.serializer = class io.apicurio.registry.serde.avro.AvroKafkaSerializer

2023-12-01 06:30:27,424 WARN  [org.apa.kaf.cli.pro.ProducerConfig] (main) The configuration 'apicurio.registry.url' was supplied but isn't a known config.
2023-12-01 06:30:27,424 WARN  [org.apa.kaf.cli.pro.ProducerConfig] (main) The configuration 'apicurio.registry.auto-register' was supplied but isn't a known config.
2023-12-01 06:30:27,424 INFO  [org.apa.kaf.com.uti.AppInfoParser] (main) Kafka version: 2.8.0
2023-12-01 06:30:27,424 INFO  [org.apa.kaf.com.uti.AppInfoParser] (main) Kafka commitId: ebb1d6e21cc92130
2023-12-01 06:30:27,424 INFO  [org.apa.kaf.com.uti.AppInfoParser] (main) Kafka startTimeMs: 1701430227424
2023-12-01 06:30:27,565 INFO  [org.apa.kaf.cli.con.KafkaConsumer] (smallrye-kafka-consumer-thread-0) [Consumer clientId=kafka-consumer-new-bank-account-in, groupId=afe336c8-e3b1-4ff9-8484-baf6107e83c1] Subscribed to topic(s): new-bank-account
2023-12-01 06:30:27,739 INFO  [io.quarkus] (main) Quarkus 2.1.4.Final on JVM started in 6.930s. Listening on: http://localhost:8081
2023-12-01 06:30:27,739 INFO  [io.quarkus] (main) Profile test activated. 
2023-12-01 06:30:27,740 INFO  [io.quarkus] (main) Installed features: [agroal, apicurio-registry-avro, cdi, hibernate-orm, hibernate-orm-panache, jdbc-h2, kafka-client, narayana-jta, resteasy, resteasy-jackson, smallrye-context-propagation, smallrye-reactive-messaging, smallrye-reactive-messaging-kafka, vertx]
2023-12-01 06:30:28,240 INFO  [org.apa.kaf.cli.Metadata] (kafka-producer-network-thread | kafka-producer-new-bank-account-out) [Producer clientId=kafka-producer-new-bank-account-out] Cluster ID: luykUmhLSO-FjKHoTn5fNw
2023-12-01 06:30:28,250 INFO  [org.apa.kaf.cli.Metadata] (smallrye-kafka-consumer-thread-0) [Consumer clientId=kafka-consumer-new-bank-account-in, groupId=afe336c8-e3b1-4ff9-8484-baf6107e83c1] Cluster ID: luykUmhLSO-FjKHoTn5fNw
2023-12-01 06:30:28,251 INFO  [org.apa.kaf.cli.con.int.AbstractCoordinator] (smallrye-kafka-consumer-thread-0) [Consumer clientId=kafka-consumer-new-bank-account-in, groupId=afe336c8-e3b1-4ff9-8484-baf6107e83c1] Discovered group coordinator my-cluster-kafka-1-xdaewq-kafka-cluster.apps.na46a.prod.ole.redhat.com:443 (id: 2147483646 rack: null)
2023-12-01 06:30:28,300 INFO  [org.apa.kaf.cli.con.int.AbstractCoordinator] (smallrye-kafka-consumer-thread-0) [Consumer clientId=kafka-consumer-new-bank-account-in, groupId=afe336c8-e3b1-4ff9-8484-baf6107e83c1] (Re-)joining group
2023-12-01 06:30:28,432 INFO  [org.apa.kaf.cli.con.int.AbstractCoordinator] (smallrye-kafka-consumer-thread-0) [Consumer clientId=kafka-consumer-new-bank-account-in, groupId=afe336c8-e3b1-4ff9-8484-baf6107e83c1] (Re-)joining group
]]></system-out>
  </testcase>
</testsuite>